
Started Import Process
# System Details: 
Debug Mode 		: Отключить
Operating System 	: Linux
Software 		: Apache
MySQL version 		: 10.6.19
XML Reader 		: Да
PHP Version 		: 8.3.19
PHP Max Input Vars 	: 8000
PHP Max Post Size 	: 30M
PHP Extension GD 	: Да
PHP Max Execution Time 	: 60
Max Upload Size 	: 20 МБ
Memory Limit 		: Текущий лимит памяти 40M. Мы рекомендуем установить для памяти не менее 64M.
Timezone 		: 0

-----

Importing Started! - 15:23:17 UTC
---

WHY IMPORT PROCESS CAN FAIL? READ THIS - 
https://wpastra.com/docs/?p=1314&utm_source=demo-import-panel&utm_campaign=import-error&utm_medium=wp-dashboard

---
